#
# There is insufficient memory for the Java Runtime Environment to continue.
# Native memory allocation (malloc) failed to allocate 1489504 bytes for Chunk::new
# Possible reasons:
#   The system is out of physical RAM or swap space
#   The process is running with CompressedOops enabled, and the Java Heap may be blocking the growth of the native heap
# Possible solutions:
#   Reduce memory load on the system
#   Increase physical memory or swap space
#   Check if swap backing store is full
#   Decrease Java heap size (-Xmx/-Xms)
#   Decrease number of Java threads
#   Decrease Java thread stack sizes (-Xss)
#   Set larger code cache with -XX:ReservedCodeCacheSize=
#   JVM is running with Unscaled Compressed Oops mode in which the Java heap is
#     placed in the first 4GB address space. The Java Heap base address is the
#     maximum limit for the native heap growth. Please use -XX:HeapBaseMinAddress
#     to set the Java Heap base and to place the Java Heap above 4GB virtual address.
# This output file may be truncated or incomplete.
#
#  Out of Memory Error (allocation.cpp:389), pid=18560, tid=0x0000000000000468
#
# JRE version: Java(TM) SE Runtime Environment (8.0_271-b09) (build 1.8.0_271-b09)
# Java VM: Java HotSpot(TM) 64-Bit Server VM (25.271-b09 mixed mode windows-amd64 compressed oops)
# Failed to write core dump. Minidumps are not enabled by default on client versions of Windows
#

---------------  T H R E A D  ---------------

Current thread (0x00000187ee887000):  JavaThread "C2 CompilerThread0" daemon [_thread_in_native, id=1128, stack(0x0000008431d00000,0x0000008431e00000)]

Stack: [0x0000008431d00000,0x0000008431e00000]
Native frames: (J=compiled Java code, j=interpreted, Vv=VM code, C=native code)
V  [jvm.dll+0x33f6c9]
V  [jvm.dll+0x286122]
V  [jvm.dll+0x286dcd]
V  [jvm.dll+0x27d805]
V  [jvm.dll+0xe574c]
V  [jvm.dll+0xe5f4c]
V  [jvm.dll+0x480095]
V  [jvm.dll+0x447de8]
V  [jvm.dll+0x450c25]
V  [jvm.dll+0x44ffe5]
V  [jvm.dll+0x43aef7]
V  [jvm.dll+0xbc3eb]
V  [jvm.dll+0xbaa4b]
V  [jvm.dll+0x24e7c2]
V  [jvm.dll+0x2a2dcc]
C  [ucrtbase.dll+0x214c2]
C  [KERNEL32.DLL+0x17034]
C  [ntdll.dll+0x4d0d1]


Current CompileTask:
C2: 172029 9756       4       org.gradle.internal.component.external.model.AbstractModuleComponentResolveMetadata::populateConfigurationsFromDescriptor (63 bytes)


---------------  P R O C E S S  ---------------

Java Threads: ( => current thread )
  0x00000187f177b000 JavaThread "Forward streams with process: Gradle Compiler Daemon 1 Thread 3" [_thread_in_native, id=4944, stack(0x0000008432e00000,0x0000008432f00000)]
  0x00000187f1779800 JavaThread "Forward streams with process: Gradle Compiler Daemon 1 Thread 2" [_thread_in_native, id=19280, stack(0x0000008432d00000,0x0000008432e00000)]
  0x00000187f1774800 JavaThread "Forward streams with process: Gradle Compiler Daemon 1" [_thread_in_native, id=3552, stack(0x0000008432c00000,0x0000008432d00000)]
  0x00000187f1777800 JavaThread "DisconnectableInputStream source reader" daemon [_thread_blocked, id=17320, stack(0x0000008430e00000,0x0000008430f00000)]
  0x00000187f1775000 JavaThread "Run Gradle Compiler Daemon 1" [_thread_in_native, id=14448, stack(0x0000008430d00000,0x0000008430e00000)]
  0x00000187f1779000 JavaThread "Incoming local TCP Connector on port 52272" [_thread_in_native, id=13916, stack(0x0000008430c00000,0x0000008430d00000)]
  0x00000187ee890800 JavaThread "Stdin handler" [_thread_blocked, id=17296, stack(0x0000008432a00000,0x0000008432b00000)]
  0x00000187ee893800 JavaThread "Asynchronous log dispatcher for org.gradle.launcher.daemon.server.DefaultDaemonConnection@39081e43" [_thread_blocked, id=20576, stack(0x0000008432900000,0x0000008432a00000)]
  0x00000187ee892000 JavaThread "Cancel handler" [_thread_blocked, id=16976, stack(0x0000008432700000,0x0000008432800000)]
  0x00000187ee88f800 JavaThread "Handler for socket connection from /127.0.0.1:52152 to /127.0.0.1:52168" [_thread_in_native, id=12656, stack(0x0000008432600000,0x0000008432700000)]
  0x00000187ee88f000 JavaThread "File lock request listener" [_thread_in_native, id=20344, stack(0x0000008432b00000,0x0000008432c00000)]
  0x00000187f1209000 JavaThread "Daemon worker" [_thread_blocked, id=6104, stack(0x0000008432800000,0x0000008432900000)]
  0x00000187f10e3800 JavaThread "Daemon" [_thread_blocked, id=1840, stack(0x0000008432500000,0x0000008432600000)]
  0x00000187f101b000 JavaThread "Incoming local TCP Connector on port 52152" [_thread_in_native, id=2128, stack(0x0000008432400000,0x0000008432500000)]
  0x00000187f0e8e800 JavaThread "pool-1-thread-1" [_thread_blocked, id=14584, stack(0x0000008432300000,0x0000008432400000)]
  0x00000187ee8e8000 JavaThread "Service Thread" daemon [_thread_blocked, id=20332, stack(0x0000008432100000,0x0000008432200000)]
  0x00000187ee891000 JavaThread "C1 CompilerThread3" daemon [_thread_blocked, id=21332, stack(0x0000008432000000,0x0000008432100000)]
  0x00000187ee894000 JavaThread "C2 CompilerThread2" daemon [_thread_in_native, id=10668, stack(0x0000008431f00000,0x0000008432000000)]
  0x00000187ee889800 JavaThread "C2 CompilerThread1" daemon [_thread_blocked, id=17628, stack(0x0000008431e00000,0x0000008431f00000)]
=>0x00000187ee887000 JavaThread "C2 CompilerThread0" daemon [_thread_in_native, id=1128, stack(0x0000008431d00000,0x0000008431e00000)]
  0x00000187ee886000 JavaThread "Attach Listener" daemon [_thread_blocked, id=20076, stack(0x0000008431c00000,0x0000008431d00000)]
  0x00000187ee877000 JavaThread "Signal Dispatcher" daemon [_thread_blocked, id=4256, stack(0x0000008431b00000,0x0000008431c00000)]
  0x00000187edc5b800 JavaThread "Finalizer" daemon [_thread_blocked, id=13584, stack(0x0000008431a00000,0x0000008431b00000)]
  0x00000187ee85a000 JavaThread "Reference Handler" daemon [_thread_blocked, id=3012, stack(0x0000008431900000,0x0000008431a00000)]
  0x00000187d9ef1800 JavaThread "main" [_thread_blocked, id=16544, stack(0x0000008430f00000,0x0000008431000000)]

Other Threads:
  0x00000187ee834800 VMThread [stack: 0x0000008431800000,0x0000008431900000] [id=15328]
  0x00000187ee8ea000 WatcherThread [stack: 0x0000008432200000,0x0000008432300000] [id=16720]

VM state:not at safepoint (normal execution)

VM Mutex/Monitor currently owned by a thread: None

heap address: 0x00000000c0000000, size: 1024 MB, Compressed Oops mode: 32-bit
Narrow klass base: 0x0000000000000000, Narrow klass shift: 3
Compressed class space size: 1073741824 Address: 0x0000000100000000

Heap:
 PSYoungGen      total 232960K, used 203284K [0x00000000eab00000, 0x0000000100000000, 0x0000000100000000)
  eden space 116736K, 81% used [0x00000000eab00000,0x00000000f07d42f8,0x00000000f1d00000)
  from space 116224K, 93% used [0x00000000f1d00000,0x00000000f86b0ed0,0x00000000f8e80000)
  to   space 116224K, 0% used [0x00000000f8e80000,0x00000000f8e80000,0x0000000100000000)
 ParOldGen       total 236032K, used 180257K [0x00000000c0000000, 0x00000000ce680000, 0x00000000eab00000)
  object space 236032K, 76% used [0x00000000c0000000,0x00000000cb0084f8,0x00000000ce680000)
 Metaspace       used 45892K, capacity 48502K, committed 48552K, reserved 1091584K
  class space    used 6353K, capacity 7064K, committed 7080K, reserved 1048576K

Card table byte_map: [0x00000187eadf0000,0x00000187eb000000] byte_map_base: 0x00000187ea7f0000

Marking Bits: (ParMarkBitMap*) 0x0000000058c07fe0
 Begin Bits: [0x00000187eb160000, 0x00000187ec160000)
 End Bits:   [0x00000187ec160000, 0x00000187ed160000)

Polling page: 0x00000187da140000

CodeCache: size=245760Kb used=28554Kb max_used=28921Kb free=217205Kb
 bounds [0x00000187dba30000, 0x00000187dd750000, 0x00000187eaa30000]
 total_blobs=8692 nmethods=7989 adapters=614
 compilation: enabled

Compilation events (10 events):
Event: 171.848 Thread 0x00000187ee889800 9813  s    4       java.io.DataOutputStream::write (14 bytes)
Event: 171.851 Thread 0x00000187ee891000 9815       3       java.lang.ClassLoader::checkName (43 bytes)
Event: 171.852 Thread 0x00000187ee891000 nmethod 9815 0x00000187dbb43b50 code [0x00000187dbb43d00, 0x00000187dbb444c0]
Event: 171.856 Thread 0x00000187ee889800 nmethod 9813 0x00000187dbe2da10 code [0x00000187dbe2db80, 0x00000187dbe2e3e8]
Event: 171.856 Thread 0x00000187ee889800 9814       4       java.io.DataOutputStream::incCount (20 bytes)
Event: 171.857 Thread 0x00000187ee889800 nmethod 9814 0x00000187dd21ee10 code [0x00000187dd21ef40, 0x00000187dd21efb8]
Event: 171.880 Thread 0x00000187ee891000 9816       3       java.io.ObjectInputStream::access$800 (7 bytes)
Event: 171.880 Thread 0x00000187ee891000 nmethod 9816 0x00000187dc33b010 code [0x00000187dc33b180, 0x00000187dc33b2f0]
Event: 171.881 Thread 0x00000187ee891000 9817       3       java.io.ObjectInputStream$GetFieldImpl::get (67 bytes)
Event: 171.881 Thread 0x00000187ee891000 nmethod 9817 0x00000187dd31a990 code [0x00000187dd31ab60, 0x00000187dd31b100]

GC Heap History (10 events):
Event: 155.371 GC heap before
{Heap before GC invocations=69 (full 4):
 PSYoungGen      total 221184K, used 221181K [0x00000000eab00000, 0x0000000100000000, 0x0000000100000000)
  eden space 137216K, 100% used [0x00000000eab00000,0x00000000f3100000,0x00000000f3100000)
  from space 83968K, 99% used [0x00000000fab00000,0x00000000ffcff408,0x00000000ffd00000)
  to   space 105984K, 0% used [0x00000000f3100000,0x00000000f3100000,0x00000000f9880000)
 ParOldGen       total 236032K, used 165079K [0x00000000c0000000, 0x00000000ce680000, 0x00000000eab00000)
  object space 236032K, 69% used [0x00000000c0000000,0x00000000ca135f20,0x00000000ce680000)
 Metaspace       used 45395K, capacity 47986K, committed 48040K, reserved 1089536K
  class space    used 6288K, capacity 7026K, committed 7080K, reserved 1048576K
Event: 155.415 GC heap after
Heap after GC invocations=69 (full 4):
 PSYoungGen      total 243200K, used 105982K [0x00000000eab00000, 0x0000000100000000, 0x0000000100000000)
  eden space 137216K, 0% used [0x00000000eab00000,0x00000000eab00000,0x00000000f3100000)
  from space 105984K, 99% used [0x00000000f3100000,0x00000000f987f918,0x00000000f9880000)
  to   space 105984K, 0% used [0x00000000f9880000,0x00000000f9880000,0x0000000100000000)
 ParOldGen       total 236032K, used 173187K [0x00000000c0000000, 0x00000000ce680000, 0x00000000eab00000)
  object space 236032K, 73% used [0x00000000c0000000,0x00000000ca920fc0,0x00000000ce680000)
 Metaspace       used 45395K, capacity 47986K, committed 48040K, reserved 1089536K
  class space    used 6288K, capacity 7026K, committed 7080K, reserved 1048576K
}
Event: 158.866 GC heap before
{Heap before GC invocations=70 (full 4):
 PSYoungGen      total 243200K, used 243198K [0x00000000eab00000, 0x0000000100000000, 0x0000000100000000)
  eden space 137216K, 100% used [0x00000000eab00000,0x00000000f3100000,0x00000000f3100000)
  from space 105984K, 99% used [0x00000000f3100000,0x00000000f987f918,0x00000000f9880000)
  to   space 105984K, 0% used [0x00000000f9880000,0x00000000f9880000,0x0000000100000000)
 ParOldGen       total 236032K, used 173187K [0x00000000c0000000, 0x00000000ce680000, 0x00000000eab00000)
  object space 236032K, 73% used [0x00000000c0000000,0x00000000ca920fc0,0x00000000ce680000)
 Metaspace       used 45424K, capacity 48050K, committed 48296K, reserved 1091584K
  class space    used 6288K, capacity 7026K, committed 7080K, reserved 1048576K
Event: 158.907 GC heap after
Heap after GC invocations=70 (full 4):
 PSYoungGen      total 222720K, used 105956K [0x00000000eab00000, 0x0000000100000000, 0x0000000100000000)
  eden space 116736K, 0% used [0x00000000eab00000,0x00000000eab00000,0x00000000f1d00000)
  from space 105984K, 99% used [0x00000000f9880000,0x00000000ffff92b8,0x0000000100000000)
  to   space 116224K, 0% used [0x00000000f1d00000,0x00000000f1d00000,0x00000000f8e80000)
 ParOldGen       total 236032K, used 179218K [0x00000000c0000000, 0x00000000ce680000, 0x00000000eab00000)
  object space 236032K, 75% used [0x00000000c0000000,0x00000000caf04b60,0x00000000ce680000)
 Metaspace       used 45424K, capacity 48050K, committed 48296K, reserved 1091584K
  class space    used 6288K, capacity 7026K, committed 7080K, reserved 1048576K
}
Event: 161.983 GC heap before
{Heap before GC invocations=71 (full 4):
 PSYoungGen      total 222720K, used 222692K [0x00000000eab00000, 0x0000000100000000, 0x0000000100000000)
  eden space 116736K, 100% used [0x00000000eab00000,0x00000000f1d00000,0x00000000f1d00000)
  from space 105984K, 99% used [0x00000000f9880000,0x00000000ffff92b8,0x0000000100000000)
  to   space 116224K, 0% used [0x00000000f1d00000,0x00000000f1d00000,0x00000000f8e80000)
 ParOldGen       total 236032K, used 179218K [0x00000000c0000000, 0x00000000ce680000, 0x00000000eab00000)
  object space 236032K, 75% used [0x00000000c0000000,0x00000000caf04b60,0x00000000ce680000)
 Metaspace       used 45455K, capacity 48138K, committed 48296K, reserved 1091584K
  class space    used 6290K, capacity 7030K, committed 7080K, reserved 1048576K
Event: 162.021 GC heap after
Heap after GC invocations=71 (full 4):
 PSYoungGen      total 232960K, used 107463K [0x00000000eab00000, 0x0000000100000000, 0x0000000100000000)
  eden space 116736K, 0% used [0x00000000eab00000,0x00000000eab00000,0x00000000f1d00000)
  from space 116224K, 92% used [0x00000000f1d00000,0x00000000f85f1ca0,0x00000000f8e80000)
  to   space 116224K, 0% used [0x00000000f8e80000,0x00000000f8e80000,0x0000000100000000)
 ParOldGen       total 236032K, used 179258K [0x00000000c0000000, 0x00000000ce680000, 0x00000000eab00000)
  object space 236032K, 75% used [0x00000000c0000000,0x00000000caf0eb60,0x00000000ce680000)
 Metaspace       used 45455K, capacity 48138K, committed 48296K, reserved 1091584K
  class space    used 6290K, capacity 7030K, committed 7080K, reserved 1048576K
}
Event: 164.977 GC heap before
{Heap before GC invocations=72 (full 4):
 PSYoungGen      total 232960K, used 224199K [0x00000000eab00000, 0x0000000100000000, 0x0000000100000000)
  eden space 116736K, 100% used [0x00000000eab00000,0x00000000f1d00000,0x00000000f1d00000)
  from space 116224K, 92% used [0x00000000f1d00000,0x00000000f85f1ca0,0x00000000f8e80000)
  to   space 116224K, 0% used [0x00000000f8e80000,0x00000000f8e80000,0x0000000100000000)
 ParOldGen       total 236032K, used 179258K [0x00000000c0000000, 0x00000000ce680000, 0x00000000eab00000)
  object space 236032K, 75% used [0x00000000c0000000,0x00000000caf0eb60,0x00000000ce680000)
 Metaspace       used 45455K, capacity 48138K, committed 48296K, reserved 1091584K
  class space    used 6290K, capacity 7030K, committed 7080K, reserved 1048576K
Event: 165.014 GC heap after
Heap after GC invocations=72 (full 4):
 PSYoungGen      total 232960K, used 107307K [0x00000000eab00000, 0x0000000100000000, 0x0000000100000000)
  eden space 116736K, 0% used [0x00000000eab00000,0x00000000eab00000,0x00000000f1d00000)
  from space 116224K, 92% used [0x00000000f8e80000,0x00000000ff74ae98,0x0000000100000000)
  to   space 116224K, 0% used [0x00000000f1d00000,0x00000000f1d00000,0x00000000f8e80000)
 ParOldGen       total 236032K, used 179441K [0x00000000c0000000, 0x00000000ce680000, 0x00000000eab00000)
  object space 236032K, 76% used [0x00000000c0000000,0x00000000caf3c4f8,0x00000000ce680000)
 Metaspace       used 45455K, capacity 48138K, committed 48296K, reserved 1091584K
  class space    used 6290K, capacity 7030K, committed 7080K, reserved 1048576K
}
Event: 169.966 GC heap before
{Heap before GC invocations=73 (full 4):
 PSYoungGen      total 232960K, used 224043K [0x00000000eab00000, 0x0000000100000000, 0x0000000100000000)
  eden space 116736K, 100% used [0x00000000eab00000,0x00000000f1d00000,0x00000000f1d00000)
  from space 116224K, 92% used [0x00000000f8e80000,0x00000000ff74ae98,0x0000000100000000)
  to   space 116224K, 0% used [0x00000000f1d00000,0x00000000f1d00000,0x00000000f8e80000)
 ParOldGen       total 236032K, used 179441K [0x00000000c0000000, 0x00000000ce680000, 0x00000000eab00000)
  object space 236032K, 76% used [0x00000000c0000000,0x00000000caf3c4f8,0x00000000ce680000)
 Metaspace       used 45486K, capacity 48138K, committed 48296K, reserved 1091584K
  class space    used 6290K, capacity 7030K, committed 7080K, reserved 1048576K
Event: 170.007 GC heap after
Heap after GC invocations=73 (full 4):
 PSYoungGen      total 232960K, used 108227K [0x00000000eab00000, 0x0000000100000000, 0x0000000100000000)
  eden space 116736K, 0% used [0x00000000eab00000,0x00000000eab00000,0x00000000f1d00000)
  from space 116224K, 93% used [0x00000000f1d00000,0x00000000f86b0ed0,0x00000000f8e80000)
  to   space 116224K, 0% used [0x00000000f8e80000,0x00000000f8e80000,0x0000000100000000)
 ParOldGen       total 236032K, used 180257K [0x00000000c0000000, 0x00000000ce680000, 0x00000000eab00000)
  object space 236032K, 76% used [0x00000000c0000000,0x00000000cb0084f8,0x00000000ce680000)
 Metaspace       used 45486K, capacity 48138K, committed 48296K, reserved 1091584K
  class space    used 6290K, capacity 7030K, committed 7080K, reserved 1048576K
}

Deoptimization events (10 events):
Event: 155.310 Thread 0x00000187f1209000 Uncommon trap: reason=unstable_if action=reinterpret pc=0x00000187dbc9a384 method=aQute.bnd.osgi.Analyzer.findClass(LaQute/bnd/osgi/Descriptors$TypeRef;)LaQute/bnd/osgi/Clazz; @ 90
Event: 171.647 Thread 0x00000187f1209000 Uncommon trap: reason=unstable_if action=reinterpret pc=0x00000187dcd96920 method=org.gradle.api.internal.changedetection.state.CachingFileSnapshotter.snapshot(Ljava/io/File;JJ)Lorg/gradle/api/internal/changedetection/state/CachingFileSnapshotter$FileInfo
Event: 171.651 Thread 0x00000187f1209000 Uncommon trap: reason=bimorphic action=maybe_recompile pc=0x00000187dd537bb8 method=com.google.common.cache.LocalCache$Segment.setValue(Lcom/google/common/cache/LocalCache$ReferenceEntry;Ljava/lang/Object;Ljava/lang/Object;J)V @ 76
Event: 171.651 Thread 0x00000187f1209000 Uncommon trap: reason=null_assert action=make_not_entrant pc=0x00000187dd38ac34 method=com.google.common.cache.LocalCache.processPendingNotifications()V @ 9
Event: 171.655 Thread 0x00000187f1209000 Uncommon trap: reason=class_check action=maybe_recompile pc=0x00000187dc358d98 method=java.util.concurrent.ConcurrentHashMap.putVal(Ljava/lang/Object;Ljava/lang/Object;Z)Ljava/lang/Object; @ 192
Event: 171.836 Thread 0x00000187f1209000 Uncommon trap: reason=class_check action=maybe_recompile pc=0x00000187dbf2720c method=java.io.DataOutputStream.write(I)V @ 5
Event: 171.836 Thread 0x00000187f1209000 Uncommon trap: reason=class_check action=maybe_recompile pc=0x00000187dbf2720c method=java.io.DataOutputStream.write(I)V @ 5
Event: 171.836 Thread 0x00000187f1209000 Uncommon trap: reason=class_check action=maybe_recompile pc=0x00000187dbf2720c method=java.io.DataOutputStream.write(I)V @ 5
Event: 171.836 Thread 0x00000187f1209000 Uncommon trap: reason=class_check action=maybe_recompile pc=0x00000187dbf2720c method=java.io.DataOutputStream.write(I)V @ 5
Event: 171.839 Thread 0x00000187f1209000 Uncommon trap: reason=predicate action=maybe_recompile pc=0x00000187dd573fa4 method=java.util.TimSort.binarySort([Ljava/lang/Object;IIILjava/util/Comparator;)V @ 37

Classes redefined (0 events):
No events

Internal exceptions (10 events):
Event: 14.871 Thread 0x00000187f1209000 Exception <a 'java/lang/ClassNotFoundException': java/util/jar/Attributes$NameCustomizer> (0x00000000ee0af870) thrown at [C:\jenkins\workspace\8-2-build-windows-amd64-cygwin\jdk8u271\605\hotspot\src\share\vm\classfile\systemDictionary.cpp, line 212]
Event: 14.871 Thread 0x00000187f1209000 Exception <a 'java/lang/ClassNotFoundException': java/util/jar/AttributesBeanInfo> (0x00000000ee0caeb0) thrown at [C:\jenkins\workspace\8-2-build-windows-amd64-cygwin\jdk8u271\605\hotspot\src\share\vm\classfile\systemDictionary.cpp, line 212]
Event: 14.871 Thread 0x00000187f1209000 Exception <a 'java/lang/ClassNotFoundException': java/util/jar/AttributesCustomizer> (0x00000000ee0d1dc8) thrown at [C:\jenkins\workspace\8-2-build-windows-amd64-cygwin\jdk8u271\605\hotspot\src\share\vm\classfile\systemDictionary.cpp, line 212]
Event: 14.873 Thread 0x00000187f1209000 Exception <a 'java/lang/ClassNotFoundException': java/io/ByteArrayOutputStreamBeanInfo> (0x00000000ee108fc0) thrown at [C:\jenkins\workspace\8-2-build-windows-amd64-cygwin\jdk8u271\605\hotspot\src\share\vm\classfile\systemDictionary.cpp, line 212]
Event: 14.873 Thread 0x00000187f1209000 Exception <a 'java/lang/ClassNotFoundException': java/io/OutputStreamBeanInfo> (0x00000000ee10f8f8) thrown at [C:\jenkins\workspace\8-2-build-windows-amd64-cygwin\jdk8u271\605\hotspot\src\share\vm\classfile\systemDictionary.cpp, line 212]
Event: 14.873 Thread 0x00000187f1209000 Exception <a 'java/lang/ClassNotFoundException': java/io/OutputStreamCustomizer> (0x00000000ee116408) thrown at [C:\jenkins\workspace\8-2-build-windows-amd64-cygwin\jdk8u271\605\hotspot\src\share\vm\classfile\systemDictionary.cpp, line 212]
Event: 14.874 Thread 0x00000187f1209000 Exception <a 'java/lang/ClassNotFoundException': java/io/ByteArrayOutputStreamCustomizer> (0x00000000ee121268) thrown at [C:\jenkins\workspace\8-2-build-windows-amd64-cygwin\jdk8u271\605\hotspot\src\share\vm\classfile\systemDictionary.cpp, line 212]
Event: 32.681 Thread 0x00000187f1209000 Implicit null exception at 0x00000187dbde200c to 0x00000187dbde21b9
Event: 76.272 Thread 0x00000187f1209000 Implicit null exception at 0x00000187dd361542 to 0x00000187dd365495
Event: 171.840 Thread 0x00000187f1209000 Exception <a 'java/lang/NoSuchMethodError': <clinit>> (0x00000000f034a4c0) thrown at [C:\jenkins\workspace\8-2-build-windows-amd64-cygwin\jdk8u271\605\hotspot\src\share\vm\prims\jni.cpp, line 1615]

Events (10 events):
Event: 171.873 loading class org/gradle/process/internal/streams/ExecOutputHandleRunner done
Event: 171.874 loading class org/gradle/process/internal/shutdown/ShutdownHookActionRegister
Event: 171.874 loading class org/gradle/process/internal/shutdown/ShutdownHookActionRegister done
Event: 171.876 Executing VM operation: RevokeBias
Event: 171.878 Executing VM operation: RevokeBias done
Event: 171.878 loading class org/gradle/process/internal/shutdown/ShutdownHookActionRegister$GradleShutdownHook
Event: 171.878 loading class org/gradle/process/internal/shutdown/ShutdownHookActionRegister$GradleShutdownHook done
Event: 171.879 Thread 0x00000187f1774800 Thread added: 0x00000187f1774800
Event: 171.879 Thread 0x00000187f1779800 Thread added: 0x00000187f1779800
Event: 171.879 Thread 0x00000187f177b000 Thread added: 0x00000187f177b000


Dynamic libraries:
0x00007ff60c8e0000 - 0x00007ff60c927000 	C:\Program Files\Java\jdk1.8.0_271\bin\java.exe
0x00007ff9c19d0000 - 0x00007ff9c1bc6000 	C:\WINDOWS\SYSTEM32\ntdll.dll
0x00007ff9c0300000 - 0x00007ff9c03bd000 	C:\WINDOWS\System32\KERNEL32.DLL
0x00007ff9bf480000 - 0x00007ff9bf749000 	C:\WINDOWS\System32\KERNELBASE.dll
0x00007ff9c0250000 - 0x00007ff9c02fc000 	C:\WINDOWS\System32\ADVAPI32.dll
0x00007ff9c1890000 - 0x00007ff9c192e000 	C:\WINDOWS\System32\msvcrt.dll
0x00007ff9bfd30000 - 0x00007ff9bfdcc000 	C:\WINDOWS\System32\sechost.dll
0x00007ff9bfa30000 - 0x00007ff9bfb5b000 	C:\WINDOWS\System32\RPCRT4.dll
0x00007ff9c0760000 - 0x00007ff9c0900000 	C:\WINDOWS\System32\USER32.dll
0x00007ff9bf160000 - 0x00007ff9bf182000 	C:\WINDOWS\System32\win32u.dll
0x00007ff9c1860000 - 0x00007ff9c188a000 	C:\WINDOWS\System32\GDI32.dll
0x00007ff9bf750000 - 0x00007ff9bf859000 	C:\WINDOWS\System32\gdi32full.dll
0x00007ff9bf990000 - 0x00007ff9bfa2d000 	C:\WINDOWS\System32\msvcp_win.dll
0x00007ff9bf320000 - 0x00007ff9bf420000 	C:\WINDOWS\System32\ucrtbase.dll
0x00007ff9957c0000 - 0x00007ff995a5b000 	C:\WINDOWS\WinSxS\amd64_microsoft.windows.common-controls_6595b64144ccf1df_6.0.19041.488_none_ca04af081b815d21\COMCTL32.dll
0x00007ff9c1710000 - 0x00007ff9c1740000 	C:\WINDOWS\System32\IMM32.DLL
0x00007ff9a4890000 - 0x00007ff9a48a5000 	C:\Program Files\Java\jdk1.8.0_271\jre\bin\vcruntime140.dll
0x00007ff98c370000 - 0x00007ff98c40b000 	C:\Program Files\Java\jdk1.8.0_271\jre\bin\msvcp140.dll
0x0000000058410000 - 0x0000000058c7f000 	C:\Program Files\Java\jdk1.8.0_271\jre\bin\server\jvm.dll
0x00007ff9c1740000 - 0x00007ff9c1748000 	C:\WINDOWS\System32\PSAPI.DLL
0x00007ff9ba850000 - 0x00007ff9ba859000 	C:\WINDOWS\SYSTEM32\WSOCK32.dll
0x00007ff9a3140000 - 0x00007ff9a3167000 	C:\WINDOWS\SYSTEM32\WINMM.dll
0x00007ff9b2760000 - 0x00007ff9b276a000 	C:\WINDOWS\SYSTEM32\VERSION.dll
0x00007ff9c0f40000 - 0x00007ff9c0fab000 	C:\WINDOWS\System32\WS2_32.dll
0x00007ff9bd240000 - 0x00007ff9bd252000 	C:\WINDOWS\SYSTEM32\kernel.appcore.dll
0x00007ff9b2770000 - 0x00007ff9b2780000 	C:\Program Files\Java\jdk1.8.0_271\jre\bin\verify.dll
0x00007ff995b90000 - 0x00007ff995bbb000 	C:\Program Files\Java\jdk1.8.0_271\jre\bin\java.dll
0x00007ff98d7c0000 - 0x00007ff98d7d8000 	C:\Program Files\Java\jdk1.8.0_271\jre\bin\zip.dll
0x00007ff9c0fb0000 - 0x00007ff9c16f2000 	C:\WINDOWS\System32\SHELL32.dll
0x00007ff9bd260000 - 0x00007ff9bd9f5000 	C:\WINDOWS\SYSTEM32\windows.storage.dll
0x00007ff9bfef0000 - 0x00007ff9c0246000 	C:\WINDOWS\System32\combase.dll
0x00007ff9beb80000 - 0x00007ff9bebac000 	C:\WINDOWS\SYSTEM32\Wldp.dll
0x00007ff9c0490000 - 0x00007ff9c053e000 	C:\WINDOWS\System32\SHCORE.dll
0x00007ff9bfbc0000 - 0x00007ff9bfc15000 	C:\WINDOWS\System32\shlwapi.dll
0x00007ff9bf040000 - 0x00007ff9bf066000 	C:\WINDOWS\SYSTEM32\profapi.dll
0x00007ff98ccb0000 - 0x00007ff98cccc000 	C:\Program Files\Java\jdk1.8.0_271\jre\bin\net.dll
0x00007ff9be900000 - 0x00007ff9be96a000 	C:\WINDOWS\system32\mswsock.dll
0x00007ff98cc90000 - 0x00007ff98cca3000 	C:\Program Files\Java\jdk1.8.0_271\jre\bin\nio.dll
0x00007ff9ba8d0000 - 0x00007ff9ba8e2000 	C:\Users\User\.gradle\native\19\windows-amd64\native-platform.dll
0x00007ff9aa350000 - 0x00007ff9aa35d000 	C:\Program Files\Java\jdk1.8.0_271\jre\bin\management.dll
0x00007ff9bead0000 - 0x00007ff9beae8000 	C:\WINDOWS\SYSTEM32\CRYPTSP.dll
0x00007ff9be1c0000 - 0x00007ff9be1f4000 	C:\WINDOWS\system32\rsaenh.dll
0x00007ff9bf190000 - 0x00007ff9bf1b7000 	C:\WINDOWS\System32\bcrypt.dll
0x00007ff9bf000000 - 0x00007ff9bf02e000 	C:\WINDOWS\SYSTEM32\USERENV.dll
0x00007ff9bf860000 - 0x00007ff9bf8e0000 	C:\WINDOWS\System32\bcryptprimitives.dll
0x00007ff9beaf0000 - 0x00007ff9beafc000 	C:\WINDOWS\SYSTEM32\CRYPTBASE.dll
0x00007ff9be580000 - 0x00007ff9be5bb000 	C:\WINDOWS\SYSTEM32\IPHLPAPI.DLL
0x00007ff9c1700000 - 0x00007ff9c1708000 	C:\WINDOWS\System32\NSI.dll
0x00007ff9b0ec0000 - 0x00007ff9b0ed7000 	C:\WINDOWS\SYSTEM32\dhcpcsvc6.DLL
0x00007ff9b2560000 - 0x00007ff9b257d000 	C:\WINDOWS\SYSTEM32\dhcpcsvc.DLL
0x00007ff9be5c0000 - 0x00007ff9be68b000 	C:\WINDOWS\SYSTEM32\DNSAPI.dll
0x00007ff9bce10000 - 0x00007ff9bcff4000 	C:\WINDOWS\SYSTEM32\dbghelp.dll

VM Arguments:
jvm_args: -Dfile.encoding=UTF8 -XX:MaxPermSize=256m -XX:+HeapDumpOnOutOfMemoryError -Xmx1024m -Dfile.encoding=UTF8 -Duser.country=US -Duser.language=en -Duser.variant 
java_command: org.gradle.launcher.daemon.bootstrap.GradleDaemon 3.0
java_class_path (initial): C:\Users\User\.gradle\wrapper\dists\gradle-3.0-bin\2z3tfybitalx2py5dr8rf2mti\gradle-3.0\lib\gradle-launcher-3.0.jar
Launcher Type: SUN_STANDARD

Environment Variables:
JAVA_TOOL_OPTIONS=-Dfile.encoding=UTF8
PATH=C:\Program Files (x86)\Common Files\Oracle\Java\javapath;C:\WINDOWS\system32;C:\WINDOWS;C:\WINDOWS\System32\Wbem;C:\WINDOWS\System32\WindowsPowerShell\v1.0\;C:\WINDOWS\System32\OpenSSH\;C:\Program Files\Microsoft SQL Server\110\DTS\Binn\;C:\Program Files (x86)\Microsoft SQL Server\110\Tools\Binn\;C:\Program Files\Microsoft SQL Server\110\Tools\Binn\;C:\Program Files (x86)\Microsoft SQL Server\110\Tools\Binn\ManagementStudio\;C:\Program Files (x86)\Microsoft Visual Studio 10.0\Common7\IDE\PrivateAssemblies\;C:\Program Files (x86)\Microsoft SQL Server\110\DTS\Binn\;C:\Program Files (x86)\NetSarang\Xshell 7\;C:\Program Files (x86)\NetSarang\Xftp 7\;C:\Program Files\Git\bin;C:\Users\User\AppData\Local\Microsoft\WindowsApps;C:\Program Files\Git\bin;
USERNAME=User
OS=Windows_NT
PROCESSOR_IDENTIFIER=Intel64 Family 6 Model 142 Stepping 12, GenuineIntel



---------------  S Y S T E M  ---------------

OS: Windows 10.0 , 64 bit Build 19041 (10.0.19041.662)

CPU:total 8 (initial active 8) (4 cores per cpu, 2 threads per core) family 6 model 142 stepping 12, cmov, cx8, fxsr, mmx, sse, sse2, sse3, ssse3, sse4.1, sse4.2, popcnt, avx, avx2, aes, clmul, erms, 3dnowpref, lzcnt, ht, tsc, tscinvbit, bmi1, bmi2, adx

Memory: 4k page, physical 7759284k(442392k free), swap 27119116k(9080k free)

vm_info: Java HotSpot(TM) 64-Bit Server VM (25.271-b09) for windows-amd64 JRE (1.8.0_271-b09), built on Sep 16 2020 19:14:59 by "" with MS VC++ 15.9 (VS2017)

time: Tue Dec 29 09:33:43 2020
timezone: SE Asia Standard Time
elapsed time: 172.032431 seconds (0d 0h 2m 52s)

